# JRE version: OpenJDK Runtime Environment JBR-21.0.6+9-895.97-nomod (21.0.6+9) (build 21.0.6+9-b895.97)
# Java VM: OpenJDK 64-Bit Server VM JBR-21.0.6+9-895.97-nomod (21.0.6+9-b895.97, mixed mode, sharing, tiered, compressed oops, compressed class ptrs, g1 gc, bsd-amd64)
GC Precious Log:
 CardTable entry size: 512
 Card Set container configuration: InlinePtr #cards 3 size 8 Array Of Cards #cards 128 size 272 Howl #buckets 8 coarsen threshold 29491 Howl Bitmap #cards 4096 size 528 coarsen threshold 3686 Card regions per heap region 1 cards per card region 32768
 CPUs: 20 total, 20 available
 Memory: 128G
 Large Page Support: Disabled
 NUMA Support: Disabled
 Compressed Oops: Enabled (Non-zero based)
 Heap Region Size: 16M
 Heap Min Capacity: 16M
 Heap Initial Capacity: 2G
 Heap Max Capacity: 30208M
 Pre-touch: Disabled
 Parallel Workers: 15
 Concurrent Workers: 4
 Concurrent Refinement Workers: 15
 Periodic GC: Disabled
Heap:
 garbage-first heap   total 327680K, used 7136K [0x0000000315000000, 0x0000000a75000000)
  region size 16384K, 1 young (16384K), 0 survivors (0K)
 Metaspace       used 3706K, committed 3840K, reserved 1114112K
  class space    used 323K, committed 384K, reserved 1048576K
GC Heap History (20 events):
Event: 80.635 GC heap before
{Heap before GC invocations=432 (full 1):
 garbage-first heap   total 4554752K, used 2711244K [0x0000000315000000, 0x0000000a75000000)
  region size 16384K, 166 young (2719744K), 1 survivors (16384K)
 Metaspace       used 3706K, committed 3840K, reserved 1114112K
  class space    used 323K, committed 384K, reserved 1048576K
}
Event: 80.636 GC heap after
{Heap after GC invocations=433 (full 1):
 garbage-first heap   total 4554752K, used 7875K [0x0000000315000000, 0x0000000a75000000)
  region size 16384K, 1 young (16384K), 1 survivors (16384K)
 Metaspace       used 3706K, committed 3840K, reserved 1114112K
  class space    used 323K, committed 384K, reserved 1048576K
}
Event: 80.724 GC heap before
{Heap before GC invocations=433 (full 1):
 garbage-first heap   total 4554752K, used 2711235K [0x0000000315000000, 0x0000000a75000000)
  region size 16384K, 166 young (2719744K), 1 survivors (16384K)
 Metaspace       used 3706K, committed 3840K, reserved 1114112K
  class space    used 323K, committed 384K, reserved 1048576K
}
Event: 80.725 GC heap after
{Heap after GC invocations=434 (full 1):
 garbage-first heap   total 4554752K, used 7882K [0x0000000315000000, 0x0000000a75000000)
  region size 16384K, 1 young (16384K), 1 survivors (16384K)
 Metaspace       used 3706K, committed 3840K, reserved 1114112K
  class space    used 323K, committed 384K, reserved 1048576K
}
Event: 80.812 GC heap before
{Heap before GC invocations=434 (full 1):
 garbage-first heap   total 4554752K, used 2694858K [0x0000000315000000, 0x0000000a75000000)
  region size 16384K, 166 young (2719744K), 1 survivors (16384K)
 Metaspace       used 3706K, committed 3840K, reserved 1114112K
  class space    used 323K, committed 384K, reserved 1048576K
}
Event: 80.814 GC heap after
{Heap after GC invocations=435 (full 1):
 garbage-first heap   total 4554752K, used 7886K [0x0000000315000000, 0x0000000a75000000)
  region size 16384K, 1 young (16384K), 1 survivors (16384K)
 Metaspace       used 3706K, committed 3840K, reserved 1114112K
  class space    used 323K, committed 384K, reserved 1048576K
}
Event: 80.888 GC heap before
{Heap before GC invocations=435 (full 1):
 garbage-first heap   total 4554752K, used 2694862K [0x0000000315000000, 0x0000000a75000000)
  region size 16384K, 166 young (2719744K), 1 survivors (16384K)
 Metaspace       used 3706K, committed 3840K, reserved 1114112K
  class space    used 323K, committed 384K, reserved 1048576K
}
Event: 80.889 GC heap after
{Heap after GC invocations=436 (full 1):
 garbage-first heap   total 4554752K, used 7873K [0x0000000315000000, 0x0000000a75000000)
  region size 16384K, 1 young (16384K), 1 survivors (16384K)
 Metaspace       used 3706K, committed 3840K, reserved 1114112K
  class space    used 323K, committed 384K, reserved 1048576K
}
Event: 80.964 GC heap before
{Heap before GC invocations=436 (full 1):
 garbage-first heap   total 4554752K, used 2711233K [0x0000000315000000, 0x0000000a75000000)
  region size 16384K, 166 young (2719744K), 1 survivors (16384K)
 Metaspace       used 3706K, committed 3840K, reserved 1114112K
  class space    used 323K, committed 384K, reserved 1048576K
}
Event: 80.965 GC heap after
{Heap after GC invocations=437 (full 1):
 garbage-first heap   total 4554752K, used 7880K [0x0000000315000000, 0x0000000a75000000)
  region size 16384K, 1 young (16384K), 1 survivors (16384K)
 Metaspace       used 3706K, committed 3840K, reserved 1114112K
  class space    used 323K, committed 384K, reserved 1048576K
}
Event: 81.051 GC heap before
{Heap before GC invocations=437 (full 1):
 garbage-first heap   total 4554752K, used 2711240K [0x0000000315000000, 0x0000000a75000000)
  region size 16384K, 166 young (2719744K), 1 survivors (16384K)
 Metaspace       used 3706K, committed 3840K, reserved 1114112K
  class space    used 323K, committed 384K, reserved 1048576K
}
Event: 81.053 GC heap after
{Heap after GC invocations=438 (full 1):
 garbage-first heap   total 4554752K, used 7875K [0x0000000315000000, 0x0000000a75000000)
  region size 16384K, 1 young (16384K), 1 survivors (16384K)
 Metaspace       used 3706K, committed 3840K, reserved 1114112K
  class space    used 323K, committed 384K, reserved 1048576K
}
Event: 81.152 GC heap before
{Heap before GC invocations=438 (full 1):
 garbage-first heap   total 4554752K, used 2711235K [0x0000000315000000, 0x0000000a75000000)
  region size 16384K, 166 young (2719744K), 1 survivors (16384K)
 Metaspace       used 3706K, committed 3840K, reserved 1114112K
  class space    used 323K, committed 384K, reserved 1048576K
}
Event: 81.153 GC heap after
{Heap after GC invocations=439 (full 1):
 garbage-first heap   total 4554752K, used 7875K [0x0000000315000000, 0x0000000a75000000)
  region size 16384K, 1 young (16384K), 1 survivors (16384K)
 Metaspace       used 3706K, committed 3840K, reserved 1114112K
  class space    used 323K, committed 384K, reserved 1048576K
}
Event: 81.241 GC heap before
{Heap before GC invocations=439 (full 1):
 garbage-first heap   total 4554752K, used 2711235K [0x0000000315000000, 0x0000000a75000000)
  region size 16384K, 166 young (2719744K), 1 survivors (16384K)
 Metaspace       used 3706K, committed 3840K, reserved 1114112K
  class space    used 323K, committed 384K, reserved 1048576K
}
Event: 81.243 GC heap after
{Heap after GC invocations=440 (full 1):
 garbage-first heap   total 4554752K, used 7880K [0x0000000315000000, 0x0000000a75000000)
  region size 16384K, 1 young (16384K), 1 survivors (16384K)
 Metaspace       used 3706K, committed 3840K, reserved 1114112K
  class space    used 323K, committed 384K, reserved 1048576K
}
Event: 81.331 GC heap before
{Heap before GC invocations=440 (full 1):
 garbage-first heap   total 4554752K, used 2694856K [0x0000000315000000, 0x0000000a75000000)
  region size 16384K, 166 young (2719744K), 1 survivors (16384K)
 Metaspace       used 3706K, committed 3840K, reserved 1114112K
  class space    used 323K, committed 384K, reserved 1048576K
}
Event: 81.332 GC heap after
{Heap after GC invocations=441 (full 1):
 garbage-first heap   total 4554752K, used 7884K [0x0000000315000000, 0x0000000a75000000)
  region size 16384K, 1 young (16384K), 1 survivors (16384K)
 Metaspace       used 3706K, committed 3840K, reserved 1114112K
  class space    used 323K, committed 384K, reserved 1048576K
}
Event: 993.537 GC heap before
{Heap before GC invocations=441 (full 1):
 garbage-first heap   total 4554752K, used 384716K [0x0000000315000000, 0x0000000a75000000)
  region size 16384K, 26 young (425984K), 1 survivors (16384K)
 Metaspace       used 3706K, committed 3840K, reserved 1114112K
  class space    used 323K, committed 384K, reserved 1048576K
}
Event: 993.582 GC heap after
{Heap after GC invocations=442 (full 2):
 garbage-first heap   total 327680K, used 7136K [0x0000000315000000, 0x0000000a75000000)
  region size 16384K, 0 young (0K), 0 survivors (0K)
 Metaspace       used 3706K, committed 3840K, reserved 1114112K
  class space    used 323K, committed 384K, reserved 1048576K
}

