# JRE version: OpenJDK Runtime Environment JBR-21.0.6+9-895.97-nomod (21.0.6+9) (build 21.0.6+9-b895.97)
# Java VM: OpenJDK 64-Bit Server VM JBR-21.0.6+9-895.97-nomod (21.0.6+9-b895.97, mixed mode, sharing, tiered, compressed oops, compressed class ptrs, g1 gc, bsd-amd64)
GC Precious Log:
 CardTable entry size: 512
 Card Set container configuration: InlinePtr #cards 3 size 8 Array Of Cards #cards 128 size 272 Howl #buckets 8 coarsen threshold 29491 Howl Bitmap #cards 4096 size 528 coarsen threshold 3686 Card regions per heap region 1 cards per card region 32768
 CPUs: 20 total, 20 available
 Memory: 128G
 Large Page Support: Disabled
 NUMA Support: Disabled
 Compressed Oops: Enabled (Non-zero based)
 Heap Region Size: 16M
 Heap Min Capacity: 16M
 Heap Initial Capacity: 2G
 Heap Max Capacity: 30208M
 Pre-touch: Disabled
 Parallel Workers: 15
 Concurrent Workers: 4
 Concurrent Refinement Workers: 15
 Periodic GC: Disabled
Heap:
 garbage-first heap   total 278528K, used 7139K [0x0000000314000000, 0x0000000a74000000)
  region size 16384K, 1 young (16384K), 0 survivors (0K)
 Metaspace       used 3701K, committed 3840K, reserved 1114112K
  class space    used 323K, committed 384K, reserved 1048576K
GC Heap History (20 events):
Event: 1164.363 GC heap before
{Heap before GC invocations=688 (full 1):
 garbage-first heap   total 4374528K, used 2612958K [0x0000000314000000, 0x0000000a74000000)
  region size 16384K, 160 young (2621440K), 1 survivors (16384K)
 Metaspace       used 3701K, committed 3840K, reserved 1114112K
  class space    used 323K, committed 384K, reserved 1048576K
}
Event: 1164.365 GC heap after
{Heap after GC invocations=689 (full 1):
 garbage-first heap   total 4374528K, used 7916K [0x0000000314000000, 0x0000000a74000000)
  region size 16384K, 1 young (16384K), 1 survivors (16384K)
 Metaspace       used 3701K, committed 3840K, reserved 1114112K
  class space    used 323K, committed 384K, reserved 1048576K
}
Event: 1164.439 GC heap before
{Heap before GC invocations=689 (full 1):
 garbage-first heap   total 4374528K, used 2596588K [0x0000000314000000, 0x0000000a74000000)
  region size 16384K, 160 young (2621440K), 1 survivors (16384K)
 Metaspace       used 3701K, committed 3840K, reserved 1114112K
  class space    used 323K, committed 384K, reserved 1048576K
}
Event: 1164.440 GC heap after
{Heap after GC invocations=690 (full 1):
 garbage-first heap   total 4374528K, used 7910K [0x0000000314000000, 0x0000000a74000000)
  region size 16384K, 1 young (16384K), 1 survivors (16384K)
 Metaspace       used 3701K, committed 3840K, reserved 1114112K
  class space    used 323K, committed 384K, reserved 1048576K
}
Event: 1164.537 GC heap before
{Heap before GC invocations=690 (full 1):
 garbage-first heap   total 4374528K, used 2612966K [0x0000000314000000, 0x0000000a74000000)
  region size 16384K, 160 young (2621440K), 1 survivors (16384K)
 Metaspace       used 3701K, committed 3840K, reserved 1114112K
  class space    used 323K, committed 384K, reserved 1048576K
}
Event: 1164.539 GC heap after
{Heap after GC invocations=691 (full 1):
 garbage-first heap   total 4374528K, used 7914K [0x0000000314000000, 0x0000000a74000000)
  region size 16384K, 1 young (16384K), 1 survivors (16384K)
 Metaspace       used 3701K, committed 3840K, reserved 1114112K
  class space    used 323K, committed 384K, reserved 1048576K
}
Event: 1164.642 GC heap before
{Heap before GC invocations=691 (full 1):
 garbage-first heap   total 4374528K, used 2596586K [0x0000000314000000, 0x0000000a74000000)
  region size 16384K, 160 young (2621440K), 1 survivors (16384K)
 Metaspace       used 3701K, committed 3840K, reserved 1114112K
  class space    used 323K, committed 384K, reserved 1048576K
}
Event: 1164.644 GC heap after
{Heap after GC invocations=692 (full 1):
 garbage-first heap   total 4374528K, used 7916K [0x0000000314000000, 0x0000000a74000000)
  region size 16384K, 1 young (16384K), 1 survivors (16384K)
 Metaspace       used 3701K, committed 3840K, reserved 1114112K
  class space    used 323K, committed 384K, reserved 1048576K
}
Event: 1164.733 GC heap before
{Heap before GC invocations=692 (full 1):
 garbage-first heap   total 4374528K, used 2596588K [0x0000000314000000, 0x0000000a74000000)
  region size 16384K, 160 young (2621440K), 1 survivors (16384K)
 Metaspace       used 3701K, committed 3840K, reserved 1114112K
  class space    used 323K, committed 384K, reserved 1048576K
}
Event: 1164.734 GC heap after
{Heap after GC invocations=693 (full 1):
 garbage-first heap   total 4374528K, used 7912K [0x0000000314000000, 0x0000000a74000000)
  region size 16384K, 1 young (16384K), 1 survivors (16384K)
 Metaspace       used 3701K, committed 3840K, reserved 1114112K
  class space    used 323K, committed 384K, reserved 1048576K
}
Event: 1164.809 GC heap before
{Heap before GC invocations=693 (full 1):
 garbage-first heap   total 4374528K, used 2596584K [0x0000000314000000, 0x0000000a74000000)
  region size 16384K, 160 young (2621440K), 1 survivors (16384K)
 Metaspace       used 3701K, committed 3840K, reserved 1114112K
  class space    used 323K, committed 384K, reserved 1048576K
}
Event: 1164.810 GC heap after
{Heap after GC invocations=694 (full 1):
 garbage-first heap   total 4374528K, used 7916K [0x0000000314000000, 0x0000000a74000000)
  region size 16384K, 1 young (16384K), 1 survivors (16384K)
 Metaspace       used 3701K, committed 3840K, reserved 1114112K
  class space    used 323K, committed 384K, reserved 1048576K
}
Event: 1164.885 GC heap before
{Heap before GC invocations=694 (full 1):
 garbage-first heap   total 4374528K, used 2612972K [0x0000000314000000, 0x0000000a74000000)
  region size 16384K, 160 young (2621440K), 1 survivors (16384K)
 Metaspace       used 3701K, committed 3840K, reserved 1114112K
  class space    used 323K, committed 384K, reserved 1048576K
}
Event: 1164.886 GC heap after
{Heap after GC invocations=695 (full 1):
 garbage-first heap   total 4374528K, used 7906K [0x0000000314000000, 0x0000000a74000000)
  region size 16384K, 1 young (16384K), 1 survivors (16384K)
 Metaspace       used 3701K, committed 3840K, reserved 1114112K
  class space    used 323K, committed 384K, reserved 1048576K
}
Event: 1164.971 GC heap before
{Heap before GC invocations=695 (full 1):
 garbage-first heap   total 4374528K, used 2612962K [0x0000000314000000, 0x0000000a74000000)
  region size 16384K, 160 young (2621440K), 1 survivors (16384K)
 Metaspace       used 3701K, committed 3840K, reserved 1114112K
  class space    used 323K, committed 384K, reserved 1048576K
}
Event: 1164.972 GC heap after
{Heap after GC invocations=696 (full 1):
 garbage-first heap   total 4374528K, used 7906K [0x0000000314000000, 0x0000000a74000000)
  region size 16384K, 1 young (16384K), 1 survivors (16384K)
 Metaspace       used 3701K, committed 3840K, reserved 1114112K
  class space    used 323K, committed 384K, reserved 1048576K
}
Event: 1165.046 GC heap before
{Heap before GC invocations=696 (full 1):
 garbage-first heap   total 4374528K, used 2612962K [0x0000000314000000, 0x0000000a74000000)
  region size 16384K, 160 young (2621440K), 1 survivors (16384K)
 Metaspace       used 3701K, committed 3840K, reserved 1114112K
  class space    used 323K, committed 384K, reserved 1048576K
}
Event: 1165.048 GC heap after
{Heap after GC invocations=697 (full 1):
 garbage-first heap   total 4374528K, used 7922K [0x0000000314000000, 0x0000000a74000000)
  region size 16384K, 1 young (16384K), 1 survivors (16384K)
 Metaspace       used 3701K, committed 3840K, reserved 1114112K
  class space    used 323K, committed 384K, reserved 1048576K
}
Event: 1796.712 GC heap before
{Heap before GC invocations=697 (full 1):
 garbage-first heap   total 4374528K, used 548594K [0x0000000314000000, 0x0000000a74000000)
  region size 16384K, 35 young (573440K), 1 survivors (16384K)
 Metaspace       used 3701K, committed 3840K, reserved 1114112K
  class space    used 323K, committed 384K, reserved 1048576K
}
Event: 1796.760 GC heap after
{Heap after GC invocations=698 (full 2):
 garbage-first heap   total 278528K, used 7139K [0x0000000314000000, 0x0000000a74000000)
  region size 16384K, 0 young (0K), 0 survivors (0K)
 Metaspace       used 3701K, committed 3840K, reserved 1114112K
  class space    used 323K, committed 384K, reserved 1048576K
}

